c:\users\sga\desktop\포토폴리오시작\20170201_0\debug\windowapi.pch
c:\users\sga\desktop\포토폴리오시작\20170201_0\debug\vc140.pdb
c:\users\sga\desktop\포토폴리오시작\20170201_0\debug\vc140.idb
c:\users\sga\desktop\포토폴리오시작\20170201_0\debug\stdafx.obj
c:\users\sga\desktop\포토폴리오시작\20170201_0\debug\image.obj
c:\users\sga\desktop\포토폴리오시작\20170201_0\debug\imagemanager.obj
c:\users\sga\desktop\포토폴리오시작\20170201_0\debug\inidata.obj
c:\users\sga\desktop\포토폴리오시작\20170201_0\debug\initestscene.obj
c:\users\sga\desktop\포토폴리오시작\20170201_0\debug\keymanager.obj
c:\users\sga\desktop\포토폴리오시작\20170201_0\debug\loading.obj
c:\users\sga\desktop\포토폴리오시작\20170201_0\debug\loadingscene.obj
c:\users\sga\desktop\포토폴리오시작\20170201_0\debug\pacmanmapscene.obj
c:\users\sga\desktop\포토폴리오시작\20170201_0\debug\pixelcollision.obj
c:\users\sga\desktop\포토폴리오시작\20170201_0\debug\playerdata.obj
c:\users\sga\desktop\포토폴리오시작\20170201_0\debug\progressbar.obj
c:\users\sga\desktop\포토폴리오시작\20170201_0\debug\scenemanager.obj
c:\users\sga\desktop\포토폴리오시작\20170201_0\debug\scenetest.obj
c:\users\sga\desktop\포토폴리오시작\20170201_0\debug\soundmanager.obj
c:\users\sga\desktop\포토폴리오시작\20170201_0\debug\soundtestscene.obj
c:\users\sga\desktop\포토폴리오시작\20170201_0\debug\timemanager.obj
c:\users\sga\desktop\포토폴리오시작\20170201_0\debug\txtdata.obj
c:\users\sga\desktop\포토폴리오시작\20170201_0\debug\util.obj
c:\users\sga\desktop\포토폴리오시작\20170201_0\debug\bullet.obj
c:\users\sga\desktop\포토폴리오시작\20170201_0\debug\cintro.obj
c:\users\sga\desktop\포토폴리오시작\20170201_0\debug\cmapchoice.obj
c:\users\sga\desktop\포토폴리오시작\20170201_0\debug\cmenu.obj
c:\users\sga\desktop\포토폴리오시작\20170201_0\debug\gamenode.obj
c:\users\sga\desktop\포토폴리오시작\20170201_0\debug\windowapi.tlog\cl.command.1.tlog
c:\users\sga\desktop\포토폴리오시작\20170201_0\debug\windowapi.tlog\cl.read.1.tlog
c:\users\sga\desktop\포토폴리오시작\20170201_0\debug\windowapi.tlog\cl.write.1.tlog
